CRITICAL - 2025-07-05 06:04:56 --> CodeIgniter\View\Exceptions\ViewException: Invalid file: "welcome_message.php"
[Method: GET, Route: /]
in SYSTEMPATH/Exceptions/FrameworkException.php on line 39.
 1 SYSTEMPATH/View/View.php(212): CodeIgniter\Exceptions\FrameworkException::forInvalidFile('welcome_message.php')
 2 SYSTEMPATH/Common.php(1173): CodeIgniter\View\View->render('welcome_message', [], true)
 3 APPPATH/Controllers/Home.php(9): view('welcome_message')
 4 SYSTEMPATH/CodeIgniter.php(933): App\Controllers\Home->index()
 5 SYSTEMPATH/CodeIgniter.php(507): CodeIgniter\CodeIgniter->runController(Object(App\Controllers\Home))
 6 SYSTEMPATH/CodeIgniter.php(354): CodeIgniter\CodeIgniter->handleRequest(null, Object(Config\Cache), false)
 7 SYSTEMPATH/Boot.php(334): CodeIgniter\CodeIgniter->run()
 8 SYSTEMPATH/Boot.php(67): CodeIgniter\Boot::runCodeIgniter(Object(CodeIgniter\CodeIgniter))
 9 FCPATH/index.php(62): CodeIgniter\Boot::bootWeb(Object(Config\Paths))
CRITICAL - 2025-07-05 14:10:02 --> ErrorException: Cannot redeclare App\Controllers\Api\Auth::allBooks()
[Method: POST, Route: api/auth/allUsers]
in APPPATH/Controllers/Api/Auth.php on line 702.
 1 [internal function]: CodeIgniter\Debug\Exceptions->shutdownHandler()
CRITICAL - 2025-07-05 14:37:50 --> ErrorException: Undefined variable $issueId
[Method: POST, Route: api/auth/new_book_issue]
in APPPATH/Controllers/Api/Auth.php on line 662.
 1 APPPATH/Controllers/Api/Auth.php(662): CodeIgniter\Debug\Exceptions->errorHandler(2, 'Undefined variable $issueId', '/opt/lampp/htdocs/LBS/app/Controllers/Api/Auth.php', 662)
 2 SYSTEMPATH/CodeIgniter.php(933): App\Controllers\Api\Auth->new_book_issue()
 3 SYSTEMPATH/CodeIgniter.php(507): CodeIgniter\CodeIgniter->runController(Object(App\Controllers\Api\Auth))
 4 SYSTEMPATH/CodeIgniter.php(354): CodeIgniter\CodeIgniter->handleRequest(null, Object(Config\Cache), false)
 5 SYSTEMPATH/Boot.php(334): CodeIgniter\CodeIgniter->run()
 6 SYSTEMPATH/Boot.php(67): CodeIgniter\Boot::runCodeIgniter(Object(CodeIgniter\CodeIgniter))
 7 FCPATH/index.php(62): CodeIgniter\Boot::bootWeb(Object(Config\Paths))
