ERROR - 2025-07-02 14:43:47 --> mysqli_sql_exception: Unknown column 'book.book_author' in 'on clause' in /opt/lampp/htdocs/LBS/vendor/codeigniter4/framework/system/Database/MySQLi/Connection.php:327
Stack trace:
#0 /opt/lampp/htdocs/LBS/vendor/codeigniter4/framework/system/Database/MySQLi/Connection.php(327): mysqli->query('SELECT `books`....', 0)
#1 /opt/lampp/htdocs/LBS/vendor/codeigniter4/framework/system/Database/BaseConnection.php(738): CodeIgniter\Database\MySQLi\Connection->execute('SELECT `books`....')
#2 /opt/lampp/htdocs/LBS/vendor/codeigniter4/framework/system/Database/BaseConnection.php(652): CodeIgniter\Database\BaseConnection->simpleQuery('SELECT `books`....')
#3 /opt/lampp/htdocs/LBS/vendor/codeigniter4/framework/system/Database/BaseBuilder.php(1649): CodeIgniter\Database\BaseConnection->query('SELECT `books`....', Array, false)
#4 /opt/lampp/htdocs/LBS/vendor/codeigniter4/framework/system/Model.php(928): CodeIgniter\Database\BaseBuilder->get()
#5 /opt/lampp/htdocs/LBS/app/Models/M_book.php(39): CodeIgniter\Model->__call('get', Array)
#6 /opt/lampp/htdocs/LBS/app/Controllers/Api/Auth.php(602): App\Models\M_book->allBooks()
#7 /opt/lampp/htdocs/LBS/vendor/codeigniter4/framework/system/CodeIgniter.php(933): App\Controllers\Api\Auth->allBooks()
#8 /opt/lampp/htdocs/LBS/vendor/codeigniter4/framework/system/CodeIgniter.php(507): CodeIgniter\CodeIgniter->runController(Object(App\Controllers\Api\Auth))
#9 /opt/lampp/htdocs/LBS/vendor/codeigniter4/framework/system/CodeIgniter.php(354): CodeIgniter\CodeIgniter->handleRequest(NULL, Object(Config\Cache), false)
#10 /opt/lampp/htdocs/LBS/vendor/codeigniter4/framework/system/Boot.php(334): CodeIgniter\CodeIgniter->run()
#11 /opt/lampp/htdocs/LBS/vendor/codeigniter4/framework/system/Boot.php(67): CodeIgniter\Boot::runCodeIgniter(Object(CodeIgniter\CodeIgniter))
#12 /opt/lampp/htdocs/LBS/public/index.php(62): CodeIgniter\Boot::bootWeb(Object(Config\Paths))
#13 {main}
CRITICAL - 2025-07-02 14:43:47 --> Error: Call to a member function getResult() on bool
[Method: POST, Route: api/auth/allBooks]
in APPPATH/Models/M_book.php on line 39.
 1 APPPATH/Controllers/Api/Auth.php(602): App\Models\M_book->allBooks()
 2 SYSTEMPATH/CodeIgniter.php(933): App\Controllers\Api\Auth->allBooks()
 3 SYSTEMPATH/CodeIgniter.php(507): CodeIgniter\CodeIgniter->runController(Object(App\Controllers\Api\Auth))
 4 SYSTEMPATH/CodeIgniter.php(354): CodeIgniter\CodeIgniter->handleRequest(null, Object(Config\Cache), false)
 5 SYSTEMPATH/Boot.php(334): CodeIgniter\CodeIgniter->run()
 6 SYSTEMPATH/Boot.php(67): CodeIgniter\Boot::runCodeIgniter(Object(CodeIgniter\CodeIgniter))
 7 FCPATH/index.php(62): CodeIgniter\Boot::bootWeb(Object(Config\Paths))
