CRITICAL - 2025-07-08 10:11:20 --> CodeIgniter\View\Exceptions\ViewException: Invalid file: "welcome_message.php"
[Method: GET, Route: /]
in SYSTEMPATH/Exceptions/FrameworkException.php on line 39.
 1 SYSTEMPATH/View/View.php(212): CodeIgniter\Exceptions\FrameworkException::forInvalidFile('welcome_message.php')
 2 SYSTEMPATH/Common.php(1173): CodeIgniter\View\View->render('welcome_message', [], true)
 3 APPPATH/Controllers/Home.php(9): view('welcome_message')
 4 SYSTEMPATH/CodeIgniter.php(933): App\Controllers\Home->index()
 5 SYSTEMPATH/CodeIgniter.php(507): CodeIgniter\CodeIgniter->runController(Object(App\Controllers\Home))
 6 SYSTEMPATH/CodeIgniter.php(354): CodeIgniter\CodeIgniter->handleRequest(null, Object(Config\Cache), false)
 7 SYSTEMPATH/Boot.php(334): CodeIgniter\CodeIgniter->run()
 8 SYSTEMPATH/Boot.php(67): CodeIgniter\Boot::runCodeIgniter(Object(CodeIgniter\CodeIgniter))
 9 FCPATH/index.php(62): CodeIgniter\Boot::bootWeb(Object(Config\Paths))
ERROR - 2025-07-08 16:35:42 --> mysqli_sql_exception: Table 'QUOTATION.user' doesn't exist in /opt/lampp/htdocs/quotation-API/vendor/codeigniter4/framework/system/Database/MySQLi/Connection.php:327
Stack trace:
#0 /opt/lampp/htdocs/quotation-API/vendor/codeigniter4/framework/system/Database/MySQLi/Connection.php(327): mysqli->query('SELECT *\nFROM `...', 0)
#1 /opt/lampp/htdocs/quotation-API/vendor/codeigniter4/framework/system/Database/BaseConnection.php(738): CodeIgniter\Database\MySQLi\Connection->execute('SELECT *\nFROM `...')
#2 /opt/lampp/htdocs/quotation-API/vendor/codeigniter4/framework/system/Database/BaseConnection.php(652): CodeIgniter\Database\BaseConnection->simpleQuery('SELECT *\nFROM `...')
#3 /opt/lampp/htdocs/quotation-API/vendor/codeigniter4/framework/system/Database/BaseBuilder.php(1649): CodeIgniter\Database\BaseConnection->query('SELECT *\nFROM `...', Array, false)
#4 /opt/lampp/htdocs/quotation-API/vendor/codeigniter4/framework/system/Model.php(330): CodeIgniter\Database\BaseBuilder->get()
#5 /opt/lampp/htdocs/quotation-API/vendor/codeigniter4/framework/system/BaseModel.php(717): CodeIgniter\Model->doFirst()
#6 /opt/lampp/htdocs/quotation-API/app/Models/M_user.php(30): CodeIgniter\BaseModel->first()
#7 /opt/lampp/htdocs/quotation-API/app/Controllers/Api/Auth.php(61): App\Models\M_user->getPassword('8888888888', false)
#8 /opt/lampp/htdocs/quotation-API/vendor/codeigniter4/framework/system/CodeIgniter.php(933): App\Controllers\Api\Auth->login()
#9 /opt/lampp/htdocs/quotation-API/vendor/codeigniter4/framework/system/CodeIgniter.php(507): CodeIgniter\CodeIgniter->runController(Object(App\Controllers\Api\Auth))
#10 /opt/lampp/htdocs/quotation-API/vendor/codeigniter4/framework/system/CodeIgniter.php(354): CodeIgniter\CodeIgniter->handleRequest(NULL, Object(Config\Cache), false)
#11 /opt/lampp/htdocs/quotation-API/vendor/codeigniter4/framework/system/Boot.php(334): CodeIgniter\CodeIgniter->run()
#12 /opt/lampp/htdocs/quotation-API/vendor/codeigniter4/framework/system/Boot.php(67): CodeIgniter\Boot::runCodeIgniter(Object(CodeIgniter\CodeIgniter))
#13 /opt/lampp/htdocs/quotation-API/public/index.php(62): CodeIgniter\Boot::bootWeb(Object(Config\Paths))
#14 {main}
CRITICAL - 2025-07-08 16:35:42 --> Error: Call to a member function getFirstRow() on bool
[Method: POST, Route: api/auth/login]
in SYSTEMPATH/Model.php on line 330.
 1 SYSTEMPATH/BaseModel.php(717): CodeIgniter\Model->doFirst()
 2 APPPATH/Models/M_user.php(30): CodeIgniter\BaseModel->first()
 3 APPPATH/Controllers/Api/Auth.php(61): App\Models\M_user->getPassword('8888888888', false)
 4 SYSTEMPATH/CodeIgniter.php(933): App\Controllers\Api\Auth->login()
 5 SYSTEMPATH/CodeIgniter.php(507): CodeIgniter\CodeIgniter->runController(Object(App\Controllers\Api\Auth))
 6 SYSTEMPATH/CodeIgniter.php(354): CodeIgniter\CodeIgniter->handleRequest(null, Object(Config\Cache), false)
 7 SYSTEMPATH/Boot.php(334): CodeIgniter\CodeIgniter->run()
 8 SYSTEMPATH/Boot.php(67): CodeIgniter\Boot::runCodeIgniter(Object(CodeIgniter\CodeIgniter))
 9 FCPATH/index.php(62): CodeIgniter\Boot::bootWeb(Object(Config\Paths))
ERROR - 2025-07-08 16:37:18 --> mysqli_sql_exception: Table 'QUOTATION.user' doesn't exist in /opt/lampp/htdocs/quotation-API/vendor/codeigniter4/framework/system/Database/MySQLi/Connection.php:327
Stack trace:
#0 /opt/lampp/htdocs/quotation-API/vendor/codeigniter4/framework/system/Database/MySQLi/Connection.php(327): mysqli->query('SELECT *\nFROM `...', 0)
#1 /opt/lampp/htdocs/quotation-API/vendor/codeigniter4/framework/system/Database/BaseConnection.php(738): CodeIgniter\Database\MySQLi\Connection->execute('SELECT *\nFROM `...')
#2 /opt/lampp/htdocs/quotation-API/vendor/codeigniter4/framework/system/Database/BaseConnection.php(652): CodeIgniter\Database\BaseConnection->simpleQuery('SELECT *\nFROM `...')
#3 /opt/lampp/htdocs/quotation-API/vendor/codeigniter4/framework/system/Database/BaseBuilder.php(1649): CodeIgniter\Database\BaseConnection->query('SELECT *\nFROM `...', Array, false)
#4 /opt/lampp/htdocs/quotation-API/vendor/codeigniter4/framework/system/Model.php(330): CodeIgniter\Database\BaseBuilder->get()
#5 /opt/lampp/htdocs/quotation-API/vendor/codeigniter4/framework/system/BaseModel.php(717): CodeIgniter\Model->doFirst()
#6 /opt/lampp/htdocs/quotation-API/app/Models/M_user.php(30): CodeIgniter\BaseModel->first()
#7 /opt/lampp/htdocs/quotation-API/app/Controllers/Api/Auth.php(61): App\Models\M_user->getPassword('8888888888', false)
#8 /opt/lampp/htdocs/quotation-API/vendor/codeigniter4/framework/system/CodeIgniter.php(933): App\Controllers\Api\Auth->login()
#9 /opt/lampp/htdocs/quotation-API/vendor/codeigniter4/framework/system/CodeIgniter.php(507): CodeIgniter\CodeIgniter->runController(Object(App\Controllers\Api\Auth))
#10 /opt/lampp/htdocs/quotation-API/vendor/codeigniter4/framework/system/CodeIgniter.php(354): CodeIgniter\CodeIgniter->handleRequest(NULL, Object(Config\Cache), false)
#11 /opt/lampp/htdocs/quotation-API/vendor/codeigniter4/framework/system/Boot.php(334): CodeIgniter\CodeIgniter->run()
#12 /opt/lampp/htdocs/quotation-API/vendor/codeigniter4/framework/system/Boot.php(67): CodeIgniter\Boot::runCodeIgniter(Object(CodeIgniter\CodeIgniter))
#13 /opt/lampp/htdocs/quotation-API/public/index.php(62): CodeIgniter\Boot::bootWeb(Object(Config\Paths))
#14 {main}
CRITICAL - 2025-07-08 16:37:18 --> Error: Call to a member function getFirstRow() on bool
[Method: POST, Route: api/auth/login]
in SYSTEMPATH/Model.php on line 330.
 1 SYSTEMPATH/BaseModel.php(717): CodeIgniter\Model->doFirst()
 2 APPPATH/Models/M_user.php(30): CodeIgniter\BaseModel->first()
 3 APPPATH/Controllers/Api/Auth.php(61): App\Models\M_user->getPassword('8888888888', false)
 4 SYSTEMPATH/CodeIgniter.php(933): App\Controllers\Api\Auth->login()
 5 SYSTEMPATH/CodeIgniter.php(507): CodeIgniter\CodeIgniter->runController(Object(App\Controllers\Api\Auth))
 6 SYSTEMPATH/CodeIgniter.php(354): CodeIgniter\CodeIgniter->handleRequest(null, Object(Config\Cache), false)
 7 SYSTEMPATH/Boot.php(334): CodeIgniter\CodeIgniter->run()
 8 SYSTEMPATH/Boot.php(67): CodeIgniter\Boot::runCodeIgniter(Object(CodeIgniter\CodeIgniter))
 9 FCPATH/index.php(62): CodeIgniter\Boot::bootWeb(Object(Config\Paths))
